<?xml version="1.0" encoding="UTF-8"?>
<testsuite xmlns:xsi="http://www.w3.org/2001/XMLSchema-instance" xsi:noNamespaceSchemaLocation="https://maven.apache.org/surefire/maven-surefire-plugin/xsd/surefire-test-report-3.0.xsd" version="3.0" name="com.baeldung.auth.provider.user.TestClientConfiguration" time="0.009" tests="0" errors="0" skipped="0" failures="0">
  <properties>
    <property name="java.specification.version" value="19"/>
    <property name="sun.jnu.encoding" value="UTF-8"/>
    <property name="java.class.path" value="/home/arun/work/apisix/SPI_code/target/test-classes:/home/arun/work/apisix/SPI_code/target/classes:/home/arun/.m2/repository/org/keycloak/keycloak-services/23.0.6/keycloak-services-23.0.6.jar:/home/arun/.m2/repository/org/keycloak/keycloak-core/23.0.6/keycloak-core-23.0.6.jar:/home/arun/.m2/repository/jakarta/mail/jakarta.mail-api/2.1.2/jakarta.mail-api-2.1.2.jar:/home/arun/.m2/repository/jakarta/activation/jakarta.activation-api/2.1.2/jakarta.activation-api-2.1.2.jar:/home/arun/.m2/repository/org/eclipse/angus/angus-mail/1.1.0/angus-mail-1.1.0.jar:/home/arun/.m2/repository/org/eclipse/angus/angus-activation/2.0.1/angus-activation-2.0.1.jar:/home/arun/.m2/repository/org/keycloak/keycloak-common/23.0.6/keycloak-common-23.0.6.jar:/home/arun/.m2/repository/org/twitter4j/twitter4j-core/4.1.2/twitter4j-core-4.1.2.jar:/home/arun/.m2/repository/org/jboss/logging/jboss-logging/3.5.1.Final/jboss-logging-3.5.1.Final.jar:/home/arun/.m2/repository/jakarta/ws/rs/jakarta.ws.rs-api/3.1.0/jakarta.ws.rs-api-3.1.0.jar:/home/arun/.m2/repository/jakarta/transaction/jakarta.transaction-api/2.0.1/jakarta.transaction-api-2.0.1.jar:/home/arun/.m2/repository/jakarta/xml/soap/jakarta.xml.soap-api/3.0.0/jakarta.xml.soap-api-3.0.0.jar:/home/arun/.m2/repository/org/jboss/resteasy/resteasy-multipart-provider/6.2.4.Final/resteasy-multipart-provider-6.2.4.Final.jar:/home/arun/.m2/repository/org/jboss/resteasy/resteasy-core-spi/6.2.4.Final/resteasy-core-spi-6.2.4.Final.jar:/home/arun/.m2/repository/jakarta/xml/bind/jakarta.xml.bind-api/4.0.0/jakarta.xml.bind-api-4.0.0.jar:/home/arun/.m2/repository/org/reactivestreams/reactive-streams/1.0.4/reactive-streams-1.0.4.jar:/home/arun/.m2/repository/jakarta/validation/jakarta.validation-api/3.0.2/jakarta.validation-api-3.0.2.jar:/home/arun/.m2/repository/org/jboss/resteasy/resteasy-core/6.2.4.Final/resteasy-core-6.2.4.Final.jar:/home/arun/.m2/repository/com/ibm/async/asyncutil/0.1.0/asyncutil-0.1.0.jar:/home/arun/.m2/repository/org/jboss/resteasy/resteasy-jaxb-provider/6.2.4.Final/resteasy-jaxb-provider-6.2.4.Final.jar:/home/arun/.m2/repository/org/glassfish/jaxb/codemodel/4.0.3/codemodel-4.0.3.jar:/home/arun/.m2/repository/org/glassfish/jaxb/jaxb-core/4.0.3/jaxb-core-4.0.3.jar:/home/arun/.m2/repository/org/glassfish/jaxb/jaxb-jxc/4.0.3/jaxb-jxc-4.0.3.jar:/home/arun/.m2/repository/org/glassfish/jaxb/jaxb-runtime/4.0.3/jaxb-runtime-4.0.3.jar:/home/arun/.m2/repository/org/glassfish/jaxb/txw2/4.0.3/txw2-4.0.3.jar:/home/arun/.m2/repository/org/glassfish/jaxb/jaxb-xjc/4.0.3/jaxb-xjc-4.0.3.jar:/home/arun/.m2/repository/org/glassfish/jaxb/xsom/4.0.3/xsom-4.0.3.jar:/home/arun/.m2/repository/com/sun/istack/istack-commons-runtime/4.1.2/istack-commons-runtime-4.1.2.jar:/home/arun/.m2/repository/com/sun/istack/istack-commons-tools/4.1.2/istack-commons-tools-4.1.2.jar:/home/arun/.m2/repository/com/sun/xml/bind/external/relaxng-datatype/4.0.2/relaxng-datatype-4.0.2.jar:/home/arun/.m2/repository/com/sun/xml/bind/external/rngom/4.0.2/rngom-4.0.2.jar:/home/arun/.m2/repository/org/apache/james/apache-mime4j-dom/0.8.9/apache-mime4j-dom-0.8.9.jar:/home/arun/.m2/repository/org/apache/james/apache-mime4j-core/0.8.9/apache-mime4j-core-0.8.9.jar:/home/arun/.m2/repository/org/apache/james/apache-mime4j-storage/0.8.9/apache-mime4j-storage-0.8.9.jar:/home/arun/.m2/repository/commons-io/commons-io/2.11.0/commons-io-2.11.0.jar:/home/arun/.m2/repository/com/googlecode/owasp-java-html-sanitizer/owasp-java-html-sanitizer/20220608.1/owasp-java-html-sanitizer-20220608.1.jar:/home/arun/.m2/repository/com/google/guava/guava/30.1-jre/guava-30.1-jre.jar:/home/arun/.m2/repository/com/google/guava/failureaccess/1.0.1/failureaccess-1.0.1.jar:/home/arun/.m2/repository/com/google/guava/listenablefuture/9999.0-empty-to-avoid-conflict-with-guava/listenablefuture-9999.0-empty-to-avoid-conflict-with-guava.jar:/home/arun/.m2/repository/com/google/code/findbugs/jsr305/3.0.2/jsr305-3.0.2.jar:/home/arun/.m2/repository/com/google/errorprone/error_prone_annotations/2.3.4/error_prone_annotations-2.3.4.jar:/home/arun/.m2/repository/com/google/j2objc/j2objc-annotations/1.3/j2objc-annotations-1.3.jar:/home/arun/.m2/repository/com/fasterxml/jackson/core/jackson-core/2.15.2/jackson-core-2.15.2.jar:/home/arun/.m2/repository/com/fasterxml/jackson/core/jackson-databind/2.15.2/jackson-databind-2.15.2.jar:/home/arun/.m2/repository/com/fasterxml/jackson/core/jackson-annotations/2.15.2/jackson-annotations-2.15.2.jar:/home/arun/.m2/repository/javax/annotation/javax.annotation-api/1.3.2/javax.annotation-api-1.3.2.jar:/home/arun/.m2/repository/com/fasterxml/jackson/datatype/jackson-datatype-jdk8/2.15.2/jackson-datatype-jdk8-2.15.2.jar:/home/arun/.m2/repository/com/google/zxing/javase/3.4.0/javase-3.4.0.jar:/home/arun/.m2/repository/com/google/zxing/core/3.4.0/core-3.4.0.jar:/home/arun/.m2/repository/com/github/jai-imageio/jai-imageio-core/1.4.0/jai-imageio-core-1.4.0.jar:/home/arun/.m2/repository/com/webauthn4j/webauthn4j-core/0.21.5.RELEASE/webauthn4j-core-0.21.5.RELEASE.jar:/home/arun/.m2/repository/com/webauthn4j/webauthn4j-util/0.21.5.RELEASE/webauthn4j-util-0.21.5.RELEASE.jar:/home/arun/.m2/repository/org/apache/kerby/kerby-asn1/2.0.3/kerby-asn1-2.0.3.jar:/home/arun/.m2/repository/com/fasterxml/jackson/dataformat/jackson-dataformat-cbor/2.15.2/jackson-dataformat-cbor-2.15.2.jar:/home/arun/.m2/repository/com/github/ua-parser/uap-java/1.5.4/uap-java-1.5.4.jar:/home/arun/.m2/repository/org/yaml/snakeyaml/1.33/snakeyaml-1.33.jar:/home/arun/.m2/repository/org/apache/commons/commons-collections4/4.4/commons-collections4-4.4.jar:/home/arun/.m2/repository/org/eclipse/microprofile/openapi/microprofile-openapi-api/3.1.1/microprofile-openapi-api-3.1.1.jar:/home/arun/.m2/repository/io/smallrye/common/smallrye-common-annotation/2.1.0/smallrye-common-annotation-2.1.0.jar:/home/arun/.m2/repository/org/keycloak/keycloak-model-legacy/23.0.6/keycloak-model-legacy-23.0.6.jar:/home/arun/.m2/repository/org/keycloak/keycloak-server-spi/23.0.6/keycloak-server-spi-23.0.6.jar:/home/arun/.m2/repository/org/keycloak/keycloak-server-spi-private/23.0.6/keycloak-server-spi-private-23.0.6.jar:/home/arun/.m2/repository/org/slf4j/slf4j-api/2.0.7/slf4j-api-2.0.7.jar:/home/arun/.m2/repository/org/postgresql/postgresql/42.7.2/postgresql-42.7.2.jar:/home/arun/.m2/repository/org/checkerframework/checker-qual/3.42.0/checker-qual-3.42.0.jar:/home/arun/.m2/repository/org/springframework/boot/spring-boot-starter-web/3.1.1/spring-boot-starter-web-3.1.1.jar:/home/arun/.m2/repository/org/springframework/boot/spring-boot-starter/3.1.1/spring-boot-starter-3.1.1.jar:/home/arun/.m2/repository/org/springframework/boot/spring-boot/3.1.1/spring-boot-3.1.1.jar:/home/arun/.m2/repository/org/springframework/boot/spring-boot-autoconfigure/3.1.1/spring-boot-autoconfigure-3.1.1.jar:/home/arun/.m2/repository/org/springframework/boot/spring-boot-starter-logging/3.1.1/spring-boot-starter-logging-3.1.1.jar:/home/arun/.m2/repository/ch/qos/logback/logback-classic/1.4.8/logback-classic-1.4.8.jar:/home/arun/.m2/repository/ch/qos/logback/logback-core/1.4.8/logback-core-1.4.8.jar:/home/arun/.m2/repository/org/apache/logging/log4j/log4j-to-slf4j/2.20.0/log4j-to-slf4j-2.20.0.jar:/home/arun/.m2/repository/org/apache/logging/log4j/log4j-api/2.20.0/log4j-api-2.20.0.jar:/home/arun/.m2/repository/org/slf4j/jul-to-slf4j/2.0.7/jul-to-slf4j-2.0.7.jar:/home/arun/.m2/repository/jakarta/annotation/jakarta.annotation-api/2.1.1/jakarta.annotation-api-2.1.1.jar:/home/arun/.m2/repository/org/springframework/spring-core/6.0.10/spring-core-6.0.10.jar:/home/arun/.m2/repository/org/springframework/spring-jcl/6.0.10/spring-jcl-6.0.10.jar:/home/arun/.m2/repository/org/springframework/boot/spring-boot-starter-json/3.1.1/spring-boot-starter-json-3.1.1.jar:/home/arun/.m2/repository/com/fasterxml/jackson/datatype/jackson-datatype-jsr310/2.15.2/jackson-datatype-jsr310-2.15.2.jar:/home/arun/.m2/repository/com/fasterxml/jackson/module/jackson-module-parameter-names/2.15.2/jackson-module-parameter-names-2.15.2.jar:/home/arun/.m2/repository/org/springframework/boot/spring-boot-starter-tomcat/3.1.1/spring-boot-starter-tomcat-3.1.1.jar:/home/arun/.m2/repository/org/apache/tomcat/embed/tomcat-embed-core/10.1.10/tomcat-embed-core-10.1.10.jar:/home/arun/.m2/repository/org/apache/tomcat/embed/tomcat-embed-el/10.1.10/tomcat-embed-el-10.1.10.jar:/home/arun/.m2/repository/org/apache/tomcat/embed/tomcat-embed-websocket/10.1.10/tomcat-embed-websocket-10.1.10.jar:/home/arun/.m2/repository/org/springframework/spring-web/6.0.10/spring-web-6.0.10.jar:/home/arun/.m2/repository/org/springframework/spring-beans/6.0.10/spring-beans-6.0.10.jar:/home/arun/.m2/repository/io/micrometer/micrometer-observation/1.11.1/micrometer-observation-1.11.1.jar:/home/arun/.m2/repository/io/micrometer/micrometer-commons/1.11.1/micrometer-commons-1.11.1.jar:/home/arun/.m2/repository/org/springframework/spring-webmvc/6.0.10/spring-webmvc-6.0.10.jar:/home/arun/.m2/repository/org/springframework/spring-aop/6.0.10/spring-aop-6.0.10.jar:/home/arun/.m2/repository/org/springframework/spring-context/6.0.10/spring-context-6.0.10.jar:/home/arun/.m2/repository/org/springframework/spring-expression/6.0.10/spring-expression-6.0.10.jar:/home/arun/.m2/repository/com/h2database/h2/2.1.214/h2-2.1.214.jar:/home/arun/.m2/repository/io/rest-assured/rest-assured/5.3.1/rest-assured-5.3.1.jar:/home/arun/.m2/repository/org/apache/groovy/groovy/4.0.12/groovy-4.0.12.jar:/home/arun/.m2/repository/org/apache/groovy/groovy-xml/4.0.12/groovy-xml-4.0.12.jar:/home/arun/.m2/repository/org/apache/httpcomponents/httpclient/4.5.13/httpclient-4.5.13.jar:/home/arun/.m2/repository/org/apache/httpcomponents/httpcore/4.4.16/httpcore-4.4.16.jar:/home/arun/.m2/repository/commons-logging/commons-logging/1.2/commons-logging-1.2.jar:/home/arun/.m2/repository/commons-codec/commons-codec/1.15/commons-codec-1.15.jar:/home/arun/.m2/repository/org/apache/httpcomponents/httpmime/4.5.13/httpmime-4.5.13.jar:/home/arun/.m2/repository/org/hamcrest/hamcrest/2.2/hamcrest-2.2.jar:/home/arun/.m2/repository/org/ccil/cowan/tagsoup/tagsoup/1.2.1/tagsoup-1.2.1.jar:/home/arun/.m2/repository/io/rest-assured/json-path/5.3.1/json-path-5.3.1.jar:/home/arun/.m2/repository/org/apache/groovy/groovy-json/4.0.12/groovy-json-4.0.12.jar:/home/arun/.m2/repository/io/rest-assured/rest-assured-common/5.3.1/rest-assured-common-5.3.1.jar:/home/arun/.m2/repository/io/rest-assured/xml-path/5.3.1/xml-path-5.3.1.jar:/home/arun/.m2/repository/org/apache/commons/commons-lang3/3.12.0/commons-lang3-3.12.0.jar:"/>
    <property name="java.vm.vendor" value="Private Build"/>
    <property name="sun.arch.data.model" value="64"/>
    <property name="java.vendor.url" value="Unknown"/>
    <property name="os.name" value="Linux"/>
    <property name="java.vm.specification.version" value="19"/>
    <property name="sun.java.launcher" value="SUN_STANDARD"/>
    <property name="user.country" value="IN"/>
    <property name="sun.boot.library.path" value="/usr/lib/jvm/java-19-openjdk-amd64/lib"/>
    <property name="sun.java.command" value="/home/arun/work/apisix/SPI_code/target/surefire/surefirebooter-20240312142355342_3.jar /home/arun/work/apisix/SPI_code/target/surefire 2024-03-12T14-23-54_922-jvmRun1 surefire-20240312142355342_1tmp surefire_0-20240312142355342_2tmp"/>
    <property name="jdk.debug" value="release"/>
    <property name="surefire.test.class.path" value="/home/arun/work/apisix/SPI_code/target/test-classes:/home/arun/work/apisix/SPI_code/target/classes:/home/arun/.m2/repository/org/keycloak/keycloak-services/23.0.6/keycloak-services-23.0.6.jar:/home/arun/.m2/repository/org/keycloak/keycloak-core/23.0.6/keycloak-core-23.0.6.jar:/home/arun/.m2/repository/jakarta/mail/jakarta.mail-api/2.1.2/jakarta.mail-api-2.1.2.jar:/home/arun/.m2/repository/jakarta/activation/jakarta.activation-api/2.1.2/jakarta.activation-api-2.1.2.jar:/home/arun/.m2/repository/org/eclipse/angus/angus-mail/1.1.0/angus-mail-1.1.0.jar:/home/arun/.m2/repository/org/eclipse/angus/angus-activation/2.0.1/angus-activation-2.0.1.jar:/home/arun/.m2/repository/org/keycloak/keycloak-common/23.0.6/keycloak-common-23.0.6.jar:/home/arun/.m2/repository/org/twitter4j/twitter4j-core/4.1.2/twitter4j-core-4.1.2.jar:/home/arun/.m2/repository/org/jboss/logging/jboss-logging/3.5.1.Final/jboss-logging-3.5.1.Final.jar:/home/arun/.m2/repository/jakarta/ws/rs/jakarta.ws.rs-api/3.1.0/jakarta.ws.rs-api-3.1.0.jar:/home/arun/.m2/repository/jakarta/transaction/jakarta.transaction-api/2.0.1/jakarta.transaction-api-2.0.1.jar:/home/arun/.m2/repository/jakarta/xml/soap/jakarta.xml.soap-api/3.0.0/jakarta.xml.soap-api-3.0.0.jar:/home/arun/.m2/repository/org/jboss/resteasy/resteasy-multipart-provider/6.2.4.Final/resteasy-multipart-provider-6.2.4.Final.jar:/home/arun/.m2/repository/org/jboss/resteasy/resteasy-core-spi/6.2.4.Final/resteasy-core-spi-6.2.4.Final.jar:/home/arun/.m2/repository/jakarta/xml/bind/jakarta.xml.bind-api/4.0.0/jakarta.xml.bind-api-4.0.0.jar:/home/arun/.m2/repository/org/reactivestreams/reactive-streams/1.0.4/reactive-streams-1.0.4.jar:/home/arun/.m2/repository/jakarta/validation/jakarta.validation-api/3.0.2/jakarta.validation-api-3.0.2.jar:/home/arun/.m2/repository/org/jboss/resteasy/resteasy-core/6.2.4.Final/resteasy-core-6.2.4.Final.jar:/home/arun/.m2/repository/com/ibm/async/asyncutil/0.1.0/asyncutil-0.1.0.jar:/home/arun/.m2/repository/org/jboss/resteasy/resteasy-jaxb-provider/6.2.4.Final/resteasy-jaxb-provider-6.2.4.Final.jar:/home/arun/.m2/repository/org/glassfish/jaxb/codemodel/4.0.3/codemodel-4.0.3.jar:/home/arun/.m2/repository/org/glassfish/jaxb/jaxb-core/4.0.3/jaxb-core-4.0.3.jar:/home/arun/.m2/repository/org/glassfish/jaxb/jaxb-jxc/4.0.3/jaxb-jxc-4.0.3.jar:/home/arun/.m2/repository/org/glassfish/jaxb/jaxb-runtime/4.0.3/jaxb-runtime-4.0.3.jar:/home/arun/.m2/repository/org/glassfish/jaxb/txw2/4.0.3/txw2-4.0.3.jar:/home/arun/.m2/repository/org/glassfish/jaxb/jaxb-xjc/4.0.3/jaxb-xjc-4.0.3.jar:/home/arun/.m2/repository/org/glassfish/jaxb/xsom/4.0.3/xsom-4.0.3.jar:/home/arun/.m2/repository/com/sun/istack/istack-commons-runtime/4.1.2/istack-commons-runtime-4.1.2.jar:/home/arun/.m2/repository/com/sun/istack/istack-commons-tools/4.1.2/istack-commons-tools-4.1.2.jar:/home/arun/.m2/repository/com/sun/xml/bind/external/relaxng-datatype/4.0.2/relaxng-datatype-4.0.2.jar:/home/arun/.m2/repository/com/sun/xml/bind/external/rngom/4.0.2/rngom-4.0.2.jar:/home/arun/.m2/repository/org/apache/james/apache-mime4j-dom/0.8.9/apache-mime4j-dom-0.8.9.jar:/home/arun/.m2/repository/org/apache/james/apache-mime4j-core/0.8.9/apache-mime4j-core-0.8.9.jar:/home/arun/.m2/repository/org/apache/james/apache-mime4j-storage/0.8.9/apache-mime4j-storage-0.8.9.jar:/home/arun/.m2/repository/commons-io/commons-io/2.11.0/commons-io-2.11.0.jar:/home/arun/.m2/repository/com/googlecode/owasp-java-html-sanitizer/owasp-java-html-sanitizer/20220608.1/owasp-java-html-sanitizer-20220608.1.jar:/home/arun/.m2/repository/com/google/guava/guava/30.1-jre/guava-30.1-jre.jar:/home/arun/.m2/repository/com/google/guava/failureaccess/1.0.1/failureaccess-1.0.1.jar:/home/arun/.m2/repository/com/google/guava/listenablefuture/9999.0-empty-to-avoid-conflict-with-guava/listenablefuture-9999.0-empty-to-avoid-conflict-with-guava.jar:/home/arun/.m2/repository/com/google/code/findbugs/jsr305/3.0.2/jsr305-3.0.2.jar:/home/arun/.m2/repository/com/google/errorprone/error_prone_annotations/2.3.4/error_prone_annotations-2.3.4.jar:/home/arun/.m2/repository/com/google/j2objc/j2objc-annotations/1.3/j2objc-annotations-1.3.jar:/home/arun/.m2/repository/com/fasterxml/jackson/core/jackson-core/2.15.2/jackson-core-2.15.2.jar:/home/arun/.m2/repository/com/fasterxml/jackson/core/jackson-databind/2.15.2/jackson-databind-2.15.2.jar:/home/arun/.m2/repository/com/fasterxml/jackson/core/jackson-annotations/2.15.2/jackson-annotations-2.15.2.jar:/home/arun/.m2/repository/javax/annotation/javax.annotation-api/1.3.2/javax.annotation-api-1.3.2.jar:/home/arun/.m2/repository/com/fasterxml/jackson/datatype/jackson-datatype-jdk8/2.15.2/jackson-datatype-jdk8-2.15.2.jar:/home/arun/.m2/repository/com/google/zxing/javase/3.4.0/javase-3.4.0.jar:/home/arun/.m2/repository/com/google/zxing/core/3.4.0/core-3.4.0.jar:/home/arun/.m2/repository/com/github/jai-imageio/jai-imageio-core/1.4.0/jai-imageio-core-1.4.0.jar:/home/arun/.m2/repository/com/webauthn4j/webauthn4j-core/0.21.5.RELEASE/webauthn4j-core-0.21.5.RELEASE.jar:/home/arun/.m2/repository/com/webauthn4j/webauthn4j-util/0.21.5.RELEASE/webauthn4j-util-0.21.5.RELEASE.jar:/home/arun/.m2/repository/org/apache/kerby/kerby-asn1/2.0.3/kerby-asn1-2.0.3.jar:/home/arun/.m2/repository/com/fasterxml/jackson/dataformat/jackson-dataformat-cbor/2.15.2/jackson-dataformat-cbor-2.15.2.jar:/home/arun/.m2/repository/com/github/ua-parser/uap-java/1.5.4/uap-java-1.5.4.jar:/home/arun/.m2/repository/org/yaml/snakeyaml/1.33/snakeyaml-1.33.jar:/home/arun/.m2/repository/org/apache/commons/commons-collections4/4.4/commons-collections4-4.4.jar:/home/arun/.m2/repository/org/eclipse/microprofile/openapi/microprofile-openapi-api/3.1.1/microprofile-openapi-api-3.1.1.jar:/home/arun/.m2/repository/io/smallrye/common/smallrye-common-annotation/2.1.0/smallrye-common-annotation-2.1.0.jar:/home/arun/.m2/repository/org/keycloak/keycloak-model-legacy/23.0.6/keycloak-model-legacy-23.0.6.jar:/home/arun/.m2/repository/org/keycloak/keycloak-server-spi/23.0.6/keycloak-server-spi-23.0.6.jar:/home/arun/.m2/repository/org/keycloak/keycloak-server-spi-private/23.0.6/keycloak-server-spi-private-23.0.6.jar:/home/arun/.m2/repository/org/slf4j/slf4j-api/2.0.7/slf4j-api-2.0.7.jar:/home/arun/.m2/repository/org/postgresql/postgresql/42.7.2/postgresql-42.7.2.jar:/home/arun/.m2/repository/org/checkerframework/checker-qual/3.42.0/checker-qual-3.42.0.jar:/home/arun/.m2/repository/org/springframework/boot/spring-boot-starter-web/3.1.1/spring-boot-starter-web-3.1.1.jar:/home/arun/.m2/repository/org/springframework/boot/spring-boot-starter/3.1.1/spring-boot-starter-3.1.1.jar:/home/arun/.m2/repository/org/springframework/boot/spring-boot/3.1.1/spring-boot-3.1.1.jar:/home/arun/.m2/repository/org/springframework/boot/spring-boot-autoconfigure/3.1.1/spring-boot-autoconfigure-3.1.1.jar:/home/arun/.m2/repository/org/springframework/boot/spring-boot-starter-logging/3.1.1/spring-boot-starter-logging-3.1.1.jar:/home/arun/.m2/repository/ch/qos/logback/logback-classic/1.4.8/logback-classic-1.4.8.jar:/home/arun/.m2/repository/ch/qos/logback/logback-core/1.4.8/logback-core-1.4.8.jar:/home/arun/.m2/repository/org/apache/logging/log4j/log4j-to-slf4j/2.20.0/log4j-to-slf4j-2.20.0.jar:/home/arun/.m2/repository/org/apache/logging/log4j/log4j-api/2.20.0/log4j-api-2.20.0.jar:/home/arun/.m2/repository/org/slf4j/jul-to-slf4j/2.0.7/jul-to-slf4j-2.0.7.jar:/home/arun/.m2/repository/jakarta/annotation/jakarta.annotation-api/2.1.1/jakarta.annotation-api-2.1.1.jar:/home/arun/.m2/repository/org/springframework/spring-core/6.0.10/spring-core-6.0.10.jar:/home/arun/.m2/repository/org/springframework/spring-jcl/6.0.10/spring-jcl-6.0.10.jar:/home/arun/.m2/repository/org/springframework/boot/spring-boot-starter-json/3.1.1/spring-boot-starter-json-3.1.1.jar:/home/arun/.m2/repository/com/fasterxml/jackson/datatype/jackson-datatype-jsr310/2.15.2/jackson-datatype-jsr310-2.15.2.jar:/home/arun/.m2/repository/com/fasterxml/jackson/module/jackson-module-parameter-names/2.15.2/jackson-module-parameter-names-2.15.2.jar:/home/arun/.m2/repository/org/springframework/boot/spring-boot-starter-tomcat/3.1.1/spring-boot-starter-tomcat-3.1.1.jar:/home/arun/.m2/repository/org/apache/tomcat/embed/tomcat-embed-core/10.1.10/tomcat-embed-core-10.1.10.jar:/home/arun/.m2/repository/org/apache/tomcat/embed/tomcat-embed-el/10.1.10/tomcat-embed-el-10.1.10.jar:/home/arun/.m2/repository/org/apache/tomcat/embed/tomcat-embed-websocket/10.1.10/tomcat-embed-websocket-10.1.10.jar:/home/arun/.m2/repository/org/springframework/spring-web/6.0.10/spring-web-6.0.10.jar:/home/arun/.m2/repository/org/springframework/spring-beans/6.0.10/spring-beans-6.0.10.jar:/home/arun/.m2/repository/io/micrometer/micrometer-observation/1.11.1/micrometer-observation-1.11.1.jar:/home/arun/.m2/repository/io/micrometer/micrometer-commons/1.11.1/micrometer-commons-1.11.1.jar:/home/arun/.m2/repository/org/springframework/spring-webmvc/6.0.10/spring-webmvc-6.0.10.jar:/home/arun/.m2/repository/org/springframework/spring-aop/6.0.10/spring-aop-6.0.10.jar:/home/arun/.m2/repository/org/springframework/spring-context/6.0.10/spring-context-6.0.10.jar:/home/arun/.m2/repository/org/springframework/spring-expression/6.0.10/spring-expression-6.0.10.jar:/home/arun/.m2/repository/com/h2database/h2/2.1.214/h2-2.1.214.jar:/home/arun/.m2/repository/io/rest-assured/rest-assured/5.3.1/rest-assured-5.3.1.jar:/home/arun/.m2/repository/org/apache/groovy/groovy/4.0.12/groovy-4.0.12.jar:/home/arun/.m2/repository/org/apache/groovy/groovy-xml/4.0.12/groovy-xml-4.0.12.jar:/home/arun/.m2/repository/org/apache/httpcomponents/httpclient/4.5.13/httpclient-4.5.13.jar:/home/arun/.m2/repository/org/apache/httpcomponents/httpcore/4.4.16/httpcore-4.4.16.jar:/home/arun/.m2/repository/commons-logging/commons-logging/1.2/commons-logging-1.2.jar:/home/arun/.m2/repository/commons-codec/commons-codec/1.15/commons-codec-1.15.jar:/home/arun/.m2/repository/org/apache/httpcomponents/httpmime/4.5.13/httpmime-4.5.13.jar:/home/arun/.m2/repository/org/hamcrest/hamcrest/2.2/hamcrest-2.2.jar:/home/arun/.m2/repository/org/ccil/cowan/tagsoup/tagsoup/1.2.1/tagsoup-1.2.1.jar:/home/arun/.m2/repository/io/rest-assured/json-path/5.3.1/json-path-5.3.1.jar:/home/arun/.m2/repository/org/apache/groovy/groovy-json/4.0.12/groovy-json-4.0.12.jar:/home/arun/.m2/repository/io/rest-assured/rest-assured-common/5.3.1/rest-assured-common-5.3.1.jar:/home/arun/.m2/repository/io/rest-assured/xml-path/5.3.1/xml-path-5.3.1.jar:/home/arun/.m2/repository/org/apache/commons/commons-lang3/3.12.0/commons-lang3-3.12.0.jar:"/>
    <property name="sun.cpu.endian" value="little"/>
    <property name="user.home" value="/home/arun"/>
    <property name="user.language" value="en"/>
    <property name="java.specification.vendor" value="Oracle Corporation"/>
    <property name="java.version.date" value="2023-01-17"/>
    <property name="java.home" value="/usr/lib/jvm/java-19-openjdk-amd64"/>
    <property name="file.separator" value="/"/>
    <property name="basedir" value="/home/arun/work/apisix/SPI_code"/>
    <property name="java.vm.compressedOopsMode" value="Zero based"/>
    <property name="line.separator" value="&#10;"/>
    <property name="java.specification.name" value="Java Platform API Specification"/>
    <property name="java.vm.specification.vendor" value="Oracle Corporation"/>
    <property name="surefire.real.class.path" value="/home/arun/work/apisix/SPI_code/target/surefire/surefirebooter-20240312142355342_3.jar"/>
    <property name="sun.management.compiler" value="HotSpot 64-Bit Tiered Compilers"/>
    <property name="java.runtime.version" value="19.0.2+7-Ubuntu-0ubuntu322.04"/>
    <property name="user.name" value="arun"/>
    <property name="stdout.encoding" value="UTF-8"/>
    <property name="path.separator" value=":"/>
    <property name="os.version" value="6.5.0-21-generic"/>
    <property name="java.runtime.name" value="OpenJDK Runtime Environment"/>
    <property name="file.encoding" value="UTF-8"/>
    <property name="java.vm.name" value="OpenJDK 64-Bit Server VM"/>
    <property name="localRepository" value="/home/arun/.m2/repository"/>
    <property name="java.vendor.url.bug" value="Unknown"/>
    <property name="java.io.tmpdir" value="/tmp"/>
    <property name="java.version" value="19.0.2"/>
    <property name="user.dir" value="/home/arun/work/apisix/SPI_code"/>
    <property name="os.arch" value="amd64"/>
    <property name="java.vm.specification.name" value="Java Virtual Machine Specification"/>
    <property name="native.encoding" value="UTF-8"/>
    <property name="java.library.path" value="/usr/java/packages/lib:/usr/lib/x86_64-linux-gnu/jni:/lib/x86_64-linux-gnu:/usr/lib/x86_64-linux-gnu:/usr/lib/jni:/lib:/usr/lib"/>
    <property name="java.vm.info" value="mixed mode, sharing"/>
    <property name="stderr.encoding" value="UTF-8"/>
    <property name="java.vendor" value="Private Build"/>
    <property name="java.vm.version" value="19.0.2+7-Ubuntu-0ubuntu322.04"/>
    <property name="sun.io.unicode.encoding" value="UnicodeLittle"/>
    <property name="java.class.version" value="63.0"/>
  </properties>
</testsuite>